[debug] [2025-04-07T19:14:54.791Z] ----------------------------------------------------------------------
[debug] [2025-04-07T19:14:54.794Z] Command:       C:\Program Files\nodejs\node.exe C:\Users\ADMIN\AppData\Roaming\npm\node_modules\firebase-tools\lib\bin\firebase.js init
[debug] [2025-04-07T19:14:54.795Z] CLI Version:   14.1.0
[debug] [2025-04-07T19:14:54.795Z] Platform:      win32
[debug] [2025-04-07T19:14:54.795Z] Node Version:  v22.14.0
[debug] [2025-04-07T19:14:54.796Z] Time:          Mon Apr 07 2025 22:14:54 GMT+0300 (East Africa Time)
[debug] [2025-04-07T19:14:54.796Z] ----------------------------------------------------------------------
[debug] 
[debug] [2025-04-07T19:14:55.094Z] > command requires scopes: ["email","openid","https://www.googleapis.com/auth/cloudplatformprojects.readonly","https://www.googleapis.com/auth/firebase","https://www.googleapis.com/auth/cloud-platform"]
[debug] [2025-04-07T19:14:55.095Z] > authorizing via signed-in user (favoursangala046@gmail.com)
[info] 
     ######## #### ########  ######## ########     ###     ######  ########
     ##        ##  ##     ## ##       ##     ##  ##   ##  ##       ##
     ######    ##  ########  ######   ########  #########  ######  ######
     ##        ##  ##    ##  ##       ##     ## ##     ##       ## ##
     ##       #### ##     ## ######## ########  ##     ##  ######  ########

You're about to initialize a Firebase project in this directory:

  C:\Users\ADMIN\PycharmProjects

Before we get started, keep in mind:

  * You are initializing within an existing Firebase project directory

[info] 
=== Project Setup
[info] 
[info] First, let's associate this project directory with a Firebase project.
[info] You can create multiple project aliases by running firebase use --add, 
[info] but for now we'll just set up a default project.
[info] 
[debug] [2025-04-07T19:15:18.688Z] Using project from CLI flag: bootstrap-beginnings
[debug] [2025-04-07T19:15:18.689Z] Checked if tokens are valid: true, expires at: 1744056465276
[debug] [2025-04-07T19:15:18.690Z] Checked if tokens are valid: true, expires at: 1744056465276
[debug] [2025-04-07T19:15:18.691Z] >>> [apiv2][query] GET https://firebase.googleapis.com/v1beta1/projects/bootstrap-beginnings [none]
[debug] [2025-04-07T19:15:19.230Z] <<< [apiv2][status] GET https://firebase.googleapis.com/v1beta1/projects/bootstrap-beginnings 200
[debug] [2025-04-07T19:15:19.230Z] <<< [apiv2][body] GET https://firebase.googleapis.com/v1beta1/projects/bootstrap-beginnings {"projectId":"bootstrap-beginnings","projectNumber":"1016696059231","displayName":"bootstrap-beginnings","name":"projects/bootstrap-beginnings","resources":{"hostingSite":"bootstrap-beginnings"},"state":"DELETED","etag":"1_8e420996-91ee-4b0f-9595-faca3ed8d169"}
[info] i  Using project bootstrap-beginnings (bootstrap-beginnings) 
[info] 
=== Hosting Setup
[debug] [2025-04-07T19:15:19.244Z] Checked if tokens are valid: true, expires at: 1744056465276
[debug] [2025-04-07T19:15:19.244Z] Checked if tokens are valid: true, expires at: 1744056465276
[debug] [2025-04-07T19:15:19.245Z] >>> [apiv2][query] GET https://firebase.googleapis.com/v1beta1/projects/bootstrap-beginnings [none]
[debug] [2025-04-07T19:15:19.577Z] <<< [apiv2][status] GET https://firebase.googleapis.com/v1beta1/projects/bootstrap-beginnings 200
[debug] [2025-04-07T19:15:19.577Z] <<< [apiv2][body] GET https://firebase.googleapis.com/v1beta1/projects/bootstrap-beginnings {"projectId":"bootstrap-beginnings","projectNumber":"1016696059231","displayName":"bootstrap-beginnings","name":"projects/bootstrap-beginnings","resources":{"hostingSite":"bootstrap-beginnings"},"state":"DELETED","etag":"1_8e420996-91ee-4b0f-9595-faca3ed8d169"}
[info] 
[info] Your public directory is the folder (relative to your project directory) that
[info] will contain Hosting assets to be uploaded with firebase deploy. If you
[info] have a build process for your assets, use your build's output directory.
[info] 
[info] i  public/404.html is unchanged 
[debug] [2025-04-07T19:15:33.769Z] >>> [apiv2][query] GET https://www.gstatic.com/firebasejs/releases.json [none]
[debug] [2025-04-07T19:15:34.072Z] <<< [apiv2][status] GET https://www.gstatic.com/firebasejs/releases.json 200
[debug] [2025-04-07T19:15:34.072Z] <<< [apiv2][body] GET https://www.gstatic.com/firebasejs/releases.json {"current":{"version":"11.6.0","browserURL":"https://www.gstatic.com/firebasejs/11.6.0/firebase.js","packageURL":"https://www.gstatic.com/firebasejs/11.6.0/firebase.tgz"},"live":{"version":"11.6","browserURL":"https://www.gstatic.com/firebasejs/live/11.6/firebase.js","packageURL":"https://www.gstatic.com/firebasejs/live/11.6/firebase.tgz"},"components":{"analytics":"https://www.gstatic.com/firebasejs/11.6.0/firebase-analytics.js","app":"https://www.gstatic.com/firebasejs/11.6.0/firebase-app.js","app-check":"https://www.gstatic.com/firebasejs/11.6.0/firebase-app-check.js","auth":"https://www.gstatic.com/firebasejs/11.6.0/firebase-auth.js","auth/cordova":"https://www.gstatic.com/firebasejs/11.6.0/firebase-auth/cordova.js","auth/web-extension":"https://www.gstatic.com/firebasejs/11.6.0/firebase-auth/web-extension.js","functions":"https://www.gstatic.com/firebasejs/11.6.0/firebase-functions.js","firestore":"https://www.gstatic.com/firebasejs/11.6.0/firebase-firestore.js","firestore/lite":"https://www.gstatic.com/firebasejs/11.6.0/firebase-firestore/lite.js","installations":"https://www.gstatic.com/firebasejs/11.6.0/firebase-installations.js","storage":"https://www.gstatic.com/firebasejs/11.6.0/firebase-storage.js","performance":"https://www.gstatic.com/firebasejs/11.6.0/firebase-performance.js","remote-config":"https://www.gstatic.com/firebasejs/11.6.0/firebase-remote-config.js","messaging":"https://www.gstatic.com/firebasejs/11.6.0/firebase-messaging.js","messaging/sw":"https://www.gstatic.com/firebasejs/11.6.0/firebase-messaging/sw.js","database":"https://www.gstatic.com/firebasejs/11.6.0/firebase-database.js","vertexai":"https://www.gstatic.com/firebasejs/11.6.0/firebase-vertexai.js","data-connect":"https://www.gstatic.com/firebasejs/11.6.0/firebase-data-connect.js","firestore.memory":"https://www.gstatic.com/firebasejs/11.6.0/firebase-firestore.memory.js"}}
[info] i  public/index.html is unchanged 
[info] 
[info] i  Detected a .git folder at C:\Users\ADMIN\PycharmProjects\FINAL PERSONAL PORTFOLIO WEBSITE 
[info] i  Authorizing with GitHub to upload your service account to a GitHub repository's secrets store. 
[info] 
[info] Visit this URL on this device to log in:
[info] https://github.com/login/oauth/authorize?client_id=89cf50f02ac6aaed3484&state=749643776&redirect_uri=http%3A%2F%2Flocalhost%3A9005&scope=read%3Auser%20repo%20public_repo
[info] 
[info] Waiting for authentication...
[debug] [2025-04-07T19:15:36.328Z] >>> [apiv2][query] POST https://github.com/login/oauth/access_token [none]
[debug] [2025-04-07T19:15:36.329Z] >>> [apiv2][body] POST https://github.com/login/oauth/access_token [stream]
[debug] [2025-04-07T19:15:37.095Z] <<< [apiv2][status] POST https://github.com/login/oauth/access_token 200
[debug] [2025-04-07T19:15:37.095Z] <<< [apiv2][body] POST https://github.com/login/oauth/access_token {"access_token":"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","token_type":"bearer","scope":"read:user,repo"}
[debug] [2025-04-07T19:15:37.104Z] >>> [apiv2][query] GET https://api.github.com/user [none]
[debug] [2025-04-07T19:15:37.949Z] <<< [apiv2][status] GET https://api.github.com/user 200
[debug] [2025-04-07T19:15:37.950Z] <<< [apiv2][body] GET https://api.github.com/user {"login":"fav-coder","id":203606463,"node_id":"U_kgDODCLJvw","avatar_url":"https://avatars.githubusercontent.com/u/203606463?v=4","gravatar_id":"","url":"https://api.github.com/users/fav-coder","html_url":"https://github.com/fav-coder","followers_url":"https://api.github.com/users/fav-coder/followers","following_url":"https://api.github.com/users/fav-coder/following{/other_user}","gists_url":"https://api.github.com/users/fav-coder/gists{/gist_id}","starred_url":"https://api.github.com/users/fav-coder/starred{/owner}{/repo}","subscriptions_url":"https://api.github.com/users/fav-coder/subscriptions","organizations_url":"https://api.github.com/users/fav-coder/orgs","repos_url":"https://api.github.com/users/fav-coder/repos","events_url":"https://api.github.com/users/fav-coder/events{/privacy}","received_events_url":"https://api.github.com/users/fav-coder/received_events","type":"User","user_view_type":"private","site_admin":false,"name":null,"company":null,"blog":"","location":null,"email":null,"hireable":null,"bio":null,"twitter_username":null,"notification_email":null,"public_repos":13,"public_gists":0,"followers":1,"following":0,"created_at":"2025-03-17T06:31:55Z","updated_at":"2025-03-26T19:06:37Z","private_gists":0,"total_private_repos":0,"owned_private_repos":0,"disk_usage":27437,"collaborators":0,"two_factor_authentication":false,"plan":{"name":"free","space":976562499,"collaborators":0,"private_repos":10000}}
[info] 
[info] +  Success! Logged into GitHub as fav-coder 
[info] 
